<?xml version="1.0" encoding="UTF-8"?>
<testng-results ignored="0" total="12" passed="10" failed="2" skipped="0">
  <reporter-output>
  </reporter-output>
  <suite started-at="2026-04-17T14:44:13 IST" name="Default suite" finished-at="2026-04-17T14:46:59 IST" duration-ms="165693">
    <groups>
    </groups>
    <test started-at="2026-04-17T14:44:13 IST" name="Default test" finished-at="2026-04-17T14:46:59 IST" duration-ms="165693">
      <class name="tests.SideMenuTest">
        <test-method is-config="true" signature="setUp()[pri:0, instance:tests.SideMenuTest@5fdcaa40]" started-at="2026-04-17T14:44:13 IST" name="setUp" finished-at="2026-04-17T14:44:20 IST" duration-ms="7242" status="PASS">
          <reporter-output>
          </reporter-output>
        </test-method> <!-- setUp -->
        <test-method signature="adminUserShouldOpenBuzzModule()[pri:0, instance:tests.SideMenuTest@5fdcaa40]" started-at="2026-04-17T14:44:20 IST" name="adminUserShouldOpenBuzzModule" finished-at="2026-04-17T14:44:40 IST" duration-ms="19231" status="FAIL">
          <exception class="org.openqa.selenium.TimeoutException">
            <message>
              <![CDATA[Expected condition failed: waiting for visibility of element found by By.cssSelector: .orangehrm-buzz-newsfeed-posts textarea, but... org.openqa.selenium.NoSuchElementException: no such element: Unable to locate element: {"method":"css selector","selector":".orangehrm-buzz-newsfeed-posts textarea"}.
(tried for 15 seconds with 500 milliseconds interval)
Build info: version: '4.43.0', revision: 'dd0f534'
System info: os.name: 'Windows 10', os.arch: 'amd64', os.version: '10.0', java.version: '25'
Driver info: org.openqa.selenium.chrome.ChromeDriver
Capabilities {acceptInsecureCerts: false, browserName: chrome, browserVersion: 146.0.7680.178, chrome: {chromedriverVersion: 146.0.7680.165 (4b989da09e1..., userDataDir: C:\Users\Kamali\AppData\Loc...}, fedcm:accounts: true, goog:chromeOptions: {debuggerAddress: localhost:55438}, goog:processID: 1612, networkConnectionEnabled: false, pageLoadStrategy: normal, platformName: windows, proxy: Proxy(), se:cdp: ws://localhost:55438/devtoo..., se:cdpVersion: 146.0.7680.178, setWindowRect: true, strictFileInteractability: false, timeouts: {implicit: 0, pageLoad: 300000, script: 30000}, unhandledPromptBehavior: dismiss and notify, webauthn:extension:credBlob: true, webauthn:extension:largeBlob: true, webauthn:extension:minPinLength: true, webauthn:extension:prf: true, webauthn:virtualAuthenticators: true}
Session ID: a12adb46c797c64673264bb0feed2ed2]]>
            </message>
            <full-stacktrace>
              <![CDATA[org.openqa.selenium.TimeoutException: Expected condition failed: waiting for visibility of element found by By.cssSelector: .orangehrm-buzz-newsfeed-posts textarea, but... org.openqa.selenium.NoSuchElementException: no such element: Unable to locate element: {"method":"css selector","selector":".orangehrm-buzz-newsfeed-posts textarea"}.
(tried for 15 seconds with 500 milliseconds interval)
Build info: version: '4.43.0', revision: 'dd0f534'
System info: os.name: 'Windows 10', os.arch: 'amd64', os.version: '10.0', java.version: '25'
Driver info: org.openqa.selenium.chrome.ChromeDriver
Capabilities {acceptInsecureCerts: false, browserName: chrome, browserVersion: 146.0.7680.178, chrome: {chromedriverVersion: 146.0.7680.165 (4b989da09e1..., userDataDir: C:\Users\Kamali\AppData\Loc...}, fedcm:accounts: true, goog:chromeOptions: {debuggerAddress: localhost:55438}, goog:processID: 1612, networkConnectionEnabled: false, pageLoadStrategy: normal, platformName: windows, proxy: Proxy(), se:cdp: ws://localhost:55438/devtoo..., se:cdpVersion: 146.0.7680.178, setWindowRect: true, strictFileInteractability: false, timeouts: {implicit: 0, pageLoad: 300000, script: 30000}, unhandledPromptBehavior: dismiss and notify, webauthn:extension:credBlob: true, webauthn:extension:largeBlob: true, webauthn:extension:minPinLength: true, webauthn:extension:prf: true, webauthn:virtualAuthenticators: true}
Session ID: a12adb46c797c64673264bb0feed2ed2
at org.openqa.selenium.support.ui.WebDriverWait.timeoutException(WebDriverWait.java:85)
at org.openqa.selenium.support.ui.FluentWait.until(FluentWait.java:234)
at pages.BasePage.waitForVisible(BasePage.java:24)
at pages.BuzzPage.<init>(BuzzPage.java:15)
at pages.MainMenuComponent.openBuzz(MainMenuComponent.java:67)
at tests.SideMenuTest.adminUserShouldOpenBuzzModule(SideMenuTest.java:84)
at java.base/jdk.internal.reflect.DirectMethodHandleAccessor.invoke(DirectMethodHandleAccessor.java:104)
at java.base/java.lang.reflect.Method.invoke(Method.java:565)
at org.testng.internal.invokers.MethodInvocationHelper.invokeMethod(MethodInvocationHelper.java:141)
at org.testng.internal.invokers.TestInvoker.invokeMethod(TestInvoker.java:697)
at org.testng.internal.invokers.TestInvoker.invokeTestMethod(TestInvoker.java:230)
at org.testng.internal.invokers.MethodRunner.runInSequence(MethodRunner.java:63)
at org.testng.internal.invokers.TestInvoker$MethodInvocationAgent.invoke(TestInvoker.java:1005)
at org.testng.internal.invokers.TestInvoker.invokeTestMethods(TestInvoker.java:203)
at org.testng.internal.invokers.TestMethodWorker.invokeTestMethods(TestMethodWorker.java:154)
at org.testng.internal.invokers.TestMethodWorker.run(TestMethodWorker.java:134)
at java.base/java.util.ArrayList.forEach(ArrayList.java:1604)
at org.testng.TestRunner.privateRun(TestRunner.java:744)
at org.testng.TestRunner.run(TestRunner.java:616)
at org.testng.SuiteRunner.runTest(SuiteRunner.java:421)
at org.testng.SuiteRunner.runSequentially(SuiteRunner.java:413)
at org.testng.SuiteRunner.privateRun(SuiteRunner.java:373)
at org.testng.SuiteRunner.run(SuiteRunner.java:312)
at org.testng.SuiteRunnerWorker.runSuite(SuiteRunnerWorker.java:52)
at org.testng.SuiteRunnerWorker.run(SuiteRunnerWorker.java:95)
at org.testng.TestNG.runSuitesSequentially(TestNG.java:1274)
at org.testng.TestNG.runSuitesLocally(TestNG.java:1208)
at org.testng.TestNG.runSuites(TestNG.java:1112)
at org.testng.TestNG.run(TestNG.java:1079)
at org.testng.remote.AbstractRemoteTestNG.run(AbstractRemoteTestNG.java:115)
at org.testng.remote.RemoteTestNG.initAndRun(RemoteTestNG.java:293)
at org.testng.remote.RemoteTestNG.main(RemoteTestNG.java:91)
]]>
            </full-stacktrace>
          </exception> <!-- org.openqa.selenium.TimeoutException -->
          <reporter-output>
          </reporter-output>
        </test-method> <!-- adminUserShouldOpenBuzzModule -->
        <test-method is-config="true" signature="tearDown()[pri:0, instance:tests.SideMenuTest@5fdcaa40]" started-at="2026-04-17T14:44:40 IST" name="tearDown" finished-at="2026-04-17T14:44:40 IST" duration-ms="416" status="PASS">
          <reporter-output>
          </reporter-output>
        </test-method> <!-- tearDown -->
        <test-method is-config="true" signature="setUp()[pri:0, instance:tests.SideMenuTest@5fdcaa40]" started-at="2026-04-17T14:44:40 IST" name="setUp" finished-at="2026-04-17T14:44:50 IST" duration-ms="9582" status="PASS">
          <reporter-output>
          </reporter-output>
        </test-method> <!-- setUp -->
        <test-method signature="adminUserShouldOpenClaimModule()[pri:0, instance:tests.SideMenuTest@5fdcaa40]" started-at="2026-04-17T14:44:50 IST" name="adminUserShouldOpenClaimModule" finished-at="2026-04-17T14:44:54 IST" duration-ms="3900" status="PASS">
          <reporter-output>
          </reporter-output>
        </test-method> <!-- adminUserShouldOpenClaimModule -->
        <test-method is-config="true" signature="tearDown()[pri:0, instance:tests.SideMenuTest@5fdcaa40]" started-at="2026-04-17T14:44:54 IST" name="tearDown" finished-at="2026-04-17T14:44:54 IST" duration-ms="451" status="PASS">
          <reporter-output>
          </reporter-output>
        </test-method> <!-- tearDown -->
        <test-method is-config="true" signature="setUp()[pri:0, instance:tests.SideMenuTest@5fdcaa40]" started-at="2026-04-17T14:44:54 IST" name="setUp" finished-at="2026-04-17T14:45:00 IST" duration-ms="5932" status="PASS">
          <reporter-output>
          </reporter-output>
        </test-method> <!-- setUp -->
        <test-method signature="adminUserShouldOpenDashboardModule()[pri:0, instance:tests.SideMenuTest@5fdcaa40]" started-at="2026-04-17T14:45:00 IST" name="adminUserShouldOpenDashboardModule" finished-at="2026-04-17T14:45:03 IST" duration-ms="3294" status="PASS">
          <reporter-output>
          </reporter-output>
        </test-method> <!-- adminUserShouldOpenDashboardModule -->
        <test-method is-config="true" signature="tearDown()[pri:0, instance:tests.SideMenuTest@5fdcaa40]" started-at="2026-04-17T14:45:03 IST" name="tearDown" finished-at="2026-04-17T14:45:04 IST" duration-ms="391" status="PASS">
          <reporter-output>
          </reporter-output>
        </test-method> <!-- tearDown -->
        <test-method is-config="true" signature="setUp()[pri:0, instance:tests.SideMenuTest@5fdcaa40]" started-at="2026-04-17T14:45:04 IST" name="setUp" finished-at="2026-04-17T14:45:10 IST" duration-ms="6425" status="PASS">
          <reporter-output>
          </reporter-output>
        </test-method> <!-- setUp -->
        <test-method signature="adminUserShouldOpenEachVisibleSideMenuModule(java.lang.String,java.lang.String,java.lang.String)[pri:0, instance:tests.SideMenuTest@5fdcaa40]" started-at="2026-04-17T14:45:10 IST" name="adminUserShouldOpenEachVisibleSideMenuModule" data-provider="sideMenuModules" finished-at="2026-04-17T14:45:14 IST" duration-ms="3800" status="PASS">
          <params>
            <param index="0">
              <value>
                <![CDATA[Admin]]>
              </value>
            </param>
            <param index="1">
              <value>
                <![CDATA[Admin]]>
              </value>
            </param>
            <param index="2">
              <value>
                <![CDATA[System Users]]>
              </value>
            </param>
          </params>
          <reporter-output>
          </reporter-output>
        </test-method> <!-- adminUserShouldOpenEachVisibleSideMenuModule -->
        <test-method is-config="true" signature="tearDown()[pri:0, instance:tests.SideMenuTest@5fdcaa40]" started-at="2026-04-17T14:45:14 IST" name="tearDown" finished-at="2026-04-17T14:45:14 IST" duration-ms="478" status="PASS">
          <reporter-output>
          </reporter-output>
        </test-method> <!-- tearDown -->
        <test-method is-config="true" signature="setUp()[pri:0, instance:tests.SideMenuTest@5fdcaa40]" started-at="2026-04-17T14:45:14 IST" name="setUp" finished-at="2026-04-17T14:45:21 IST" duration-ms="6524" status="PASS">
          <reporter-output>
          </reporter-output>
        </test-method> <!-- setUp -->
        <test-method signature="adminUserShouldOpenEachVisibleSideMenuModule(java.lang.String,java.lang.String,java.lang.String)[pri:0, instance:tests.SideMenuTest@5fdcaa40]" started-at="2026-04-17T14:45:21 IST" name="adminUserShouldOpenEachVisibleSideMenuModule" data-provider="sideMenuModules" finished-at="2026-04-17T14:45:25 IST" duration-ms="3810" status="PASS">
          <params>
            <param index="0">
              <value>
                <![CDATA[PIM]]>
              </value>
            </param>
            <param index="1">
              <value>
                <![CDATA[PIM]]>
              </value>
            </param>
            <param index="2">
              <value>
                <![CDATA[Employee Information]]>
              </value>
            </param>
          </params>
          <reporter-output>
          </reporter-output>
        </test-method> <!-- adminUserShouldOpenEachVisibleSideMenuModule -->
        <test-method is-config="true" signature="tearDown()[pri:0, instance:tests.SideMenuTest@5fdcaa40]" started-at="2026-04-17T14:45:25 IST" name="tearDown" finished-at="2026-04-17T14:45:25 IST" duration-ms="370" status="PASS">
          <reporter-output>
          </reporter-output>
        </test-method> <!-- tearDown -->
        <test-method is-config="true" signature="setUp()[pri:0, instance:tests.SideMenuTest@5fdcaa40]" started-at="2026-04-17T14:45:25 IST" name="setUp" finished-at="2026-04-17T14:45:31 IST" duration-ms="6312" status="PASS">
          <reporter-output>
          </reporter-output>
        </test-method> <!-- setUp -->
        <test-method signature="adminUserShouldOpenEachVisibleSideMenuModule(java.lang.String,java.lang.String,java.lang.String)[pri:0, instance:tests.SideMenuTest@5fdcaa40]" started-at="2026-04-17T14:45:31 IST" name="adminUserShouldOpenEachVisibleSideMenuModule" data-provider="sideMenuModules" finished-at="2026-04-17T14:45:35 IST" duration-ms="3982" status="PASS">
          <params>
            <param index="0">
              <value>
                <![CDATA[Leave]]>
              </value>
            </param>
            <param index="1">
              <value>
                <![CDATA[Leave]]>
              </value>
            </param>
            <param index="2">
              <value>
                <![CDATA[Leave List]]>
              </value>
            </param>
          </params>
          <reporter-output>
          </reporter-output>
        </test-method> <!-- adminUserShouldOpenEachVisibleSideMenuModule -->
        <test-method is-config="true" signature="tearDown()[pri:0, instance:tests.SideMenuTest@5fdcaa40]" started-at="2026-04-17T14:45:35 IST" name="tearDown" finished-at="2026-04-17T14:45:36 IST" duration-ms="425" status="PASS">
          <reporter-output>
          </reporter-output>
        </test-method> <!-- tearDown -->
        <test-method is-config="true" signature="setUp()[pri:0, instance:tests.SideMenuTest@5fdcaa40]" started-at="2026-04-17T14:45:36 IST" name="setUp" finished-at="2026-04-17T14:45:42 IST" duration-ms="6384" status="PASS">
          <reporter-output>
          </reporter-output>
        </test-method> <!-- setUp -->
        <test-method signature="adminUserShouldOpenEachVisibleSideMenuModule(java.lang.String,java.lang.String,java.lang.String)[pri:0, instance:tests.SideMenuTest@5fdcaa40]" started-at="2026-04-17T14:45:42 IST" name="adminUserShouldOpenEachVisibleSideMenuModule" data-provider="sideMenuModules" finished-at="2026-04-17T14:45:46 IST" duration-ms="4078" status="PASS">
          <params>
            <param index="0">
              <value>
                <![CDATA[Recruitment]]>
              </value>
            </param>
            <param index="1">
              <value>
                <![CDATA[Recruitment]]>
              </value>
            </param>
            <param index="2">
              <value>
                <![CDATA[Candidates]]>
              </value>
            </param>
          </params>
          <reporter-output>
          </reporter-output>
        </test-method> <!-- adminUserShouldOpenEachVisibleSideMenuModule -->
        <test-method is-config="true" signature="tearDown()[pri:0, instance:tests.SideMenuTest@5fdcaa40]" started-at="2026-04-17T14:45:46 IST" name="tearDown" finished-at="2026-04-17T14:45:47 IST" duration-ms="380" status="PASS">
          <reporter-output>
          </reporter-output>
        </test-method> <!-- tearDown -->
        <test-method is-config="true" signature="setUp()[pri:0, instance:tests.SideMenuTest@5fdcaa40]" started-at="2026-04-17T14:45:47 IST" name="setUp" finished-at="2026-04-17T14:45:53 IST" duration-ms="6555" status="PASS">
          <reporter-output>
          </reporter-output>
        </test-method> <!-- setUp -->
        <test-method signature="adminUserShouldOpenEachVisibleSideMenuModule(java.lang.String,java.lang.String,java.lang.String)[pri:0, instance:tests.SideMenuTest@5fdcaa40]" started-at="2026-04-17T14:45:53 IST" name="adminUserShouldOpenEachVisibleSideMenuModule" data-provider="sideMenuModules" finished-at="2026-04-17T14:45:57 IST" duration-ms="3763" status="PASS">
          <params>
            <param index="0">
              <value>
                <![CDATA[Performance]]>
              </value>
            </param>
            <param index="1">
              <value>
                <![CDATA[Performance]]>
              </value>
            </param>
            <param index="2">
              <value>
                <![CDATA[Employee Reviews]]>
              </value>
            </param>
          </params>
          <reporter-output>
          </reporter-output>
        </test-method> <!-- adminUserShouldOpenEachVisibleSideMenuModule -->
        <test-method is-config="true" signature="tearDown()[pri:0, instance:tests.SideMenuTest@5fdcaa40]" started-at="2026-04-17T14:45:57 IST" name="tearDown" finished-at="2026-04-17T14:45:57 IST" duration-ms="385" status="PASS">
          <reporter-output>
          </reporter-output>
        </test-method> <!-- tearDown -->
        <test-method is-config="true" signature="setUp()[pri:0, instance:tests.SideMenuTest@5fdcaa40]" started-at="2026-04-17T14:45:57 IST" name="setUp" finished-at="2026-04-17T14:46:04 IST" duration-ms="6718" status="PASS">
          <reporter-output>
          </reporter-output>
        </test-method> <!-- setUp -->
        <test-method signature="adminUserShouldOpenEachVisibleSideMenuModule(java.lang.String,java.lang.String,java.lang.String)[pri:0, instance:tests.SideMenuTest@5fdcaa40]" started-at="2026-04-17T14:46:04 IST" name="adminUserShouldOpenEachVisibleSideMenuModule" data-provider="sideMenuModules" finished-at="2026-04-17T14:46:08 IST" duration-ms="3668" status="PASS">
          <params>
            <param index="0">
              <value>
                <![CDATA[Directory]]>
              </value>
            </param>
            <param index="1">
              <value>
                <![CDATA[Directory]]>
              </value>
            </param>
            <param index="2">
              <value>
                <![CDATA[Directory]]>
              </value>
            </param>
          </params>
          <reporter-output>
          </reporter-output>
        </test-method> <!-- adminUserShouldOpenEachVisibleSideMenuModule -->
        <test-method is-config="true" signature="tearDown()[pri:0, instance:tests.SideMenuTest@5fdcaa40]" started-at="2026-04-17T14:46:08 IST" name="tearDown" finished-at="2026-04-17T14:46:08 IST" duration-ms="497" status="PASS">
          <reporter-output>
          </reporter-output>
        </test-method> <!-- tearDown -->
        <test-method is-config="true" signature="setUp()[pri:0, instance:tests.SideMenuTest@5fdcaa40]" started-at="2026-04-17T14:46:08 IST" name="setUp" finished-at="2026-04-17T14:46:15 IST" duration-ms="6544" status="PASS">
          <reporter-output>
          </reporter-output>
        </test-method> <!-- setUp -->
        <test-method signature="adminUserShouldOpenMaintenanceModule()[pri:0, instance:tests.SideMenuTest@5fdcaa40]" started-at="2026-04-17T14:46:15 IST" name="adminUserShouldOpenMaintenanceModule" finished-at="2026-04-17T14:46:35 IST" duration-ms="20149" status="FAIL">
          <exception class="org.openqa.selenium.TimeoutException">
            <message>
              <![CDATA[Expected condition failed: waiting for visibility of element found by By.cssSelector: .oxd-text.oxd-text--h6.orangehrm-main-title, but... org.openqa.selenium.NoSuchElementException: no such element: Unable to locate element: {"method":"css selector","selector":".oxd-text.oxd-text--h6.orangehrm-main-title"}.
(tried for 15 seconds with 500 milliseconds interval)
Build info: version: '4.43.0', revision: 'dd0f534'
System info: os.name: 'Windows 10', os.arch: 'amd64', os.version: '10.0', java.version: '25'
Driver info: org.openqa.selenium.chrome.ChromeDriver
Capabilities {acceptInsecureCerts: false, browserName: chrome, browserVersion: 146.0.7680.178, chrome: {chromedriverVersion: 146.0.7680.165 (4b989da09e1..., userDataDir: C:\Users\Kamali\AppData\Loc...}, fedcm:accounts: true, goog:chromeOptions: {debuggerAddress: localhost:55698}, goog:processID: 15316, networkConnectionEnabled: false, pageLoadStrategy: normal, platformName: windows, proxy: Proxy(), se:cdp: ws://localhost:55698/devtoo..., se:cdpVersion: 146.0.7680.178, setWindowRect: true, strictFileInteractability: false, timeouts: {implicit: 0, pageLoad: 300000, script: 30000}, unhandledPromptBehavior: dismiss and notify, webauthn:extension:credBlob: true, webauthn:extension:largeBlob: true, webauthn:extension:minPinLength: true, webauthn:extension:prf: true, webauthn:virtualAuthenticators: true}
Session ID: 6b72efacc2e644371c054d177e11c06e]]>
            </message>
            <full-stacktrace>
              <![CDATA[org.openqa.selenium.TimeoutException: Expected condition failed: waiting for visibility of element found by By.cssSelector: .oxd-text.oxd-text--h6.orangehrm-main-title, but... org.openqa.selenium.NoSuchElementException: no such element: Unable to locate element: {"method":"css selector","selector":".oxd-text.oxd-text--h6.orangehrm-main-title"}.
(tried for 15 seconds with 500 milliseconds interval)
Build info: version: '4.43.0', revision: 'dd0f534'
System info: os.name: 'Windows 10', os.arch: 'amd64', os.version: '10.0', java.version: '25'
Driver info: org.openqa.selenium.chrome.ChromeDriver
Capabilities {acceptInsecureCerts: false, browserName: chrome, browserVersion: 146.0.7680.178, chrome: {chromedriverVersion: 146.0.7680.165 (4b989da09e1..., userDataDir: C:\Users\Kamali\AppData\Loc...}, fedcm:accounts: true, goog:chromeOptions: {debuggerAddress: localhost:55698}, goog:processID: 15316, networkConnectionEnabled: false, pageLoadStrategy: normal, platformName: windows, proxy: Proxy(), se:cdp: ws://localhost:55698/devtoo..., se:cdpVersion: 146.0.7680.178, setWindowRect: true, strictFileInteractability: false, timeouts: {implicit: 0, pageLoad: 300000, script: 30000}, unhandledPromptBehavior: dismiss and notify, webauthn:extension:credBlob: true, webauthn:extension:largeBlob: true, webauthn:extension:minPinLength: true, webauthn:extension:prf: true, webauthn:virtualAuthenticators: true}
Session ID: 6b72efacc2e644371c054d177e11c06e
at org.openqa.selenium.support.ui.WebDriverWait.timeoutException(WebDriverWait.java:85)
at org.openqa.selenium.support.ui.FluentWait.until(FluentWait.java:234)
at pages.BasePage.waitForVisible(BasePage.java:24)
at pages.BasePage.textOf(BasePage.java:64)
at pages.MaintenancePage.getPageTitle(MaintenancePage.java:22)
at tests.SideMenuTest.adminUserShouldOpenMaintenanceModule(SideMenuTest.java:78)
at java.base/jdk.internal.reflect.DirectMethodHandleAccessor.invoke(DirectMethodHandleAccessor.java:104)
at java.base/java.lang.reflect.Method.invoke(Method.java:565)
at org.testng.internal.invokers.MethodInvocationHelper.invokeMethod(MethodInvocationHelper.java:141)
at org.testng.internal.invokers.TestInvoker.invokeMethod(TestInvoker.java:697)
at org.testng.internal.invokers.TestInvoker.invokeTestMethod(TestInvoker.java:230)
at org.testng.internal.invokers.MethodRunner.runInSequence(MethodRunner.java:63)
at org.testng.internal.invokers.TestInvoker$MethodInvocationAgent.invoke(TestInvoker.java:1005)
at org.testng.internal.invokers.TestInvoker.invokeTestMethods(TestInvoker.java:203)
at org.testng.internal.invokers.TestMethodWorker.invokeTestMethods(TestMethodWorker.java:154)
at org.testng.internal.invokers.TestMethodWorker.run(TestMethodWorker.java:134)
at java.base/java.util.ArrayList.forEach(ArrayList.java:1604)
at org.testng.TestRunner.privateRun(TestRunner.java:744)
at org.testng.TestRunner.run(TestRunner.java:616)
at org.testng.SuiteRunner.runTest(SuiteRunner.java:421)
at org.testng.SuiteRunner.runSequentially(SuiteRunner.java:413)
at org.testng.SuiteRunner.privateRun(SuiteRunner.java:373)
at org.testng.SuiteRunner.run(SuiteRunner.java:312)
at org.testng.SuiteRunnerWorker.runSuite(SuiteRunnerWorker.java:52)
at org.testng.SuiteRunnerWorker.run(SuiteRunnerWorker.java:95)
at org.testng.TestNG.runSuitesSequentially(TestNG.java:1274)
at org.testng.TestNG.runSuitesLocally(TestNG.java:1208)
at org.testng.TestNG.runSuites(TestNG.java:1112)
at org.testng.TestNG.run(TestNG.java:1079)
at org.testng.remote.AbstractRemoteTestNG.run(AbstractRemoteTestNG.java:115)
at org.testng.remote.RemoteTestNG.initAndRun(RemoteTestNG.java:293)
at org.testng.remote.RemoteTestNG.main(RemoteTestNG.java:91)
]]>
            </full-stacktrace>
          </exception> <!-- org.openqa.selenium.TimeoutException -->
          <reporter-output>
          </reporter-output>
        </test-method> <!-- adminUserShouldOpenMaintenanceModule -->
        <test-method is-config="true" signature="tearDown()[pri:0, instance:tests.SideMenuTest@5fdcaa40]" started-at="2026-04-17T14:46:35 IST" name="tearDown" finished-at="2026-04-17T14:46:37 IST" duration-ms="2071" status="PASS">
          <reporter-output>
          </reporter-output>
        </test-method> <!-- tearDown -->
        <test-method is-config="true" signature="setUp()[pri:0, instance:tests.SideMenuTest@5fdcaa40]" started-at="2026-04-17T14:46:37 IST" name="setUp" finished-at="2026-04-17T14:46:44 IST" duration-ms="6879" status="PASS">
          <reporter-output>
          </reporter-output>
        </test-method> <!-- setUp -->
        <test-method signature="adminUserShouldOpenMyInfoModule()[pri:0, instance:tests.SideMenuTest@5fdcaa40]" started-at="2026-04-17T14:46:44 IST" name="adminUserShouldOpenMyInfoModule" finished-at="2026-04-17T14:46:48 IST" duration-ms="3908" status="PASS">
          <reporter-output>
          </reporter-output>
        </test-method> <!-- adminUserShouldOpenMyInfoModule -->
        <test-method is-config="true" signature="tearDown()[pri:0, instance:tests.SideMenuTest@5fdcaa40]" started-at="2026-04-17T14:46:48 IST" name="tearDown" finished-at="2026-04-17T14:46:48 IST" duration-ms="367" status="PASS">
          <reporter-output>
          </reporter-output>
        </test-method> <!-- tearDown -->
        <test-method is-config="true" signature="setUp()[pri:0, instance:tests.SideMenuTest@5fdcaa40]" started-at="2026-04-17T14:46:48 IST" name="setUp" finished-at="2026-04-17T14:46:55 IST" duration-ms="6601" status="PASS">
          <reporter-output>
          </reporter-output>
        </test-method> <!-- setUp -->
        <test-method signature="adminUserShouldOpenTimeModule()[pri:0, instance:tests.SideMenuTest@5fdcaa40]" started-at="2026-04-17T14:46:55 IST" name="adminUserShouldOpenTimeModule" finished-at="2026-04-17T14:46:58 IST" duration-ms="3681" status="PASS">
          <reporter-output>
          </reporter-output>
        </test-method> <!-- adminUserShouldOpenTimeModule -->
        <test-method is-config="true" signature="tearDown()[pri:0, instance:tests.SideMenuTest@5fdcaa40]" started-at="2026-04-17T14:46:58 IST" name="tearDown" finished-at="2026-04-17T14:46:59 IST" duration-ms="345" status="PASS">
          <reporter-output>
          </reporter-output>
        </test-method> <!-- tearDown -->
      </class> <!-- tests.SideMenuTest -->
    </test> <!-- Default test -->
  </suite> <!-- Default suite -->
</testng-results>
