<?xml version="1.0" encoding="UTF-8"?>
<!-- Generated by org.testng.reporters.JUnitReportReporter -->
<testsuite hostname="DESKTOP-671G99R" failures="0" tests="2" name="tests.NavigationTest" time="21.820" errors="0" timestamp="2026-04-16T18:24:32 IST" skipped="0">
  <testcase classname="tests.NavigationTest" name="adminUserShouldLogoutSuccessfully" time="10.429"/>
  <testcase classname="tests.NavigationTest" name="adminUserShouldOpenPimModule" time="11.391"/>
</testsuite> <!-- tests.NavigationTest -->
